TN:
SF:src/EnumerableNFT.sol
FN:21,EnumerableNFT.mint
FNDA:23,EnumerableNFT.mint
DA:22,23
BRDA:22,0,0,1
BRDA:22,0,1,22
DA:23,22
DA:24,22
FN:31,EnumerableNFT._baseURI
FNDA:1,EnumerableNFT._baseURI
DA:32,1
FNF:2
FNH:2
LF:4
LH:4
BRF:2
BRH:2
end_of_record
TN:
SF:src/EnumerableNFTPrime.sol
FN:21,EnumerableNFTPrime.mint
FNDA:43,EnumerableNFTPrime.mint
DA:22,43
BRDA:22,0,0,1
BRDA:22,0,1,42
DA:23,42
DA:24,42
FN:32,EnumerableNFTPrime.countPrimes
FNDA:1,EnumerableNFTPrime.countPrimes
DA:33,1
DA:34,1
DA:35,20
DA:36,20
BRDA:36,1,0,8
BRDA:36,1,1,20
DA:37,8
DA:40,1
FN:51,EnumerableNFTPrime.isPrime
FNDA:20,EnumerableNFTPrime.isPrime
DA:52,20
BRDA:52,2,0,3
BRDA:52,2,1,17
DA:53,3
DA:54,17
BRDA:54,3,0,9
BRDA:54,3,1,8
DA:55,9
DA:56,8
BRDA:56,4,0,2
BRDA:56,4,1,6
DA:57,2
DA:59,6
DA:60,0
BRDA:60,5,0,-
BRDA:60,5,1,-
DA:61,0
DA:62,0
BRDA:62,6,0,-
BRDA:62,6,1,-
DA:63,0
DA:66,6
FN:74,EnumerableNFTPrime._baseURI
FNDA:1,EnumerableNFTPrime._baseURI
DA:75,1
FNF:4
FNH:4
LF:22
LH:18
BRF:14
BRH:10
end_of_record
